#
# A fatal error has been detected by the Java Runtime Environment:
#
#  EXCEPTION_ACCESS_VIOLATION (0xc0000005) at pc=0x000000005a17e063, pid=6772, tid=0x000000000000151c
#
# JRE version: Java(TM) SE Runtime Environment (8.0_201-b09) (build 1.8.0_201-b09)
# Java VM: Java HotSpot(TM) 64-Bit Server VM (25.201-b09 mixed mode windows-amd64 compressed oops)
# Problematic frame:
# V  [jvm.dll+0xfe063]
#
# Failed to write core dump. Minidumps are not enabled by default on client versions of Windows
#
# If you would like to submit a bug report, please visit:
#   http://bugreport.java.com/bugreport/crash.jsp
#

---------------  T H R E A D  ---------------

Current thread (0x000000001ccc9800):  VMThread [stack: 0x000000001e9a0000,0x000000001eaa0000] [id=5404]

siginfo: ExceptionCode=0xc0000005, reading address 0xffffffffffffffff

Registers:
RAX=0x000000000000001d, RBX=0x000000001ea9f120, RCX=0x000000001ea9f120, RDX=0xffffffffffffcadd
RSP=0x000000001ea9eed0, RBP=0x000000001ea9ef40, RSI=0x000000001ea9f120, RDI=0x000000000000009a
R8 =0x000000000000001d, R9 =0x000000001cb554a0, R10=0x03ffffffffffff2b, R11=0x000000001c71bb13
R12=0x0000000000000000, R13=0x000000005a17e040, R14=0x00000000000000cb, R15=0x0000000000000001
RIP=0x000000005a17e063, EFLAGS=0x0000000000010a06

Top of Stack: (sp=0x000000001ea9eed0)
0x000000001ea9eed0:   000000001ea9f120 000000001ea9ef40
0x000000001ea9eee0:   00000000000000cb 000000005a13263e
0x000000001ea9eef0:   000000001ea9f120 000000005a17fe49
0x000000001ea9ef00:   000001ddbf7512ca 000000001ea9f120
0x000000001ea9ef10:   000000001ea9f120 000000005a17f926
0x000000001ea9ef20:   000000001ea9ef90 000000001c71bac0
0x000000001ea9ef30:   000000000000000e 000000005a17f926
0x000000001ea9ef40:   00000000000003d8 000000001cb557d8
0x000000001ea9ef50:   0000000000000000 000000000000009a
0x000000001ea9ef60:   000000001ccc9800 000000005a1808d4
0x000000001ea9ef70:   000000001ea9f120 0000000000000000
0x000000001ea9ef80:   00000000000000cb 00000000000000c8
0x000000001ea9ef90:   000000001c71be08 000000001ccc9800
0x000000001ea9efa0:   000000ce000000cb 0000009a00000267
0x000000001ea9efb0:   000000001cb50000 000000000000009a
0x000000001ea9efc0:   0000000000000003 00000000000003d8 

Instructions: (pc=0x000000005a17e063)
0x000000005a17e043:   83 ec 20 4c 8b 89 90 00 00 00 48 63 d2 48 8b d9
0x000000005a17e053:   0f b6 c2 4c 8b d2 24 3f 49 c1 ea 06 44 0f b6 c0
0x000000005a17e063:   4b 8b 04 d1 4c 0f a3 c0 72 0f 48 83 c1 70 41 b0
0x000000005a17e073:   01 e8 87 8a 17 00 ff 43 6c 48 83 c4 20 5b c3 cc 


Register to memory mapping:

RAX=0x000000000000001d is an unknown value
RBX=0x000000001ea9f120 is an unknown value
RCX=0x000000001ea9f120 is an unknown value
RDX=0xffffffffffffcadd is an unknown value
RSP=0x000000001ea9eed0 is an unknown value
RBP=0x000000001ea9ef40 is an unknown value
RSI=0x000000001ea9f120 is an unknown value
RDI=0x000000000000009a is an unknown value
R8 =0x000000000000001d is an unknown value
R9 =0x000000001cb554a0 is an unknown value
R10=0x03ffffffffffff2b is an unknown value
R11=0x000000001c71bb13 is pointing into metadata
R12=0x0000000000000000 is an unknown value
R13=0x000000005a17e040 is an unknown value
R14=0x00000000000000cb is an unknown value
R15=0x0000000000000001 is an unknown value


Stack: [0x000000001e9a0000,0x000000001eaa0000],  sp=0x000000001ea9eed0,  free space=1019k
Native frames: (J=compiled Java code, j=interpreted, Vv=VM code, C=native code)
V  [jvm.dll+0xfe063]
V  [jvm.dll+0xffe49]
V  [jvm.dll+0x1008d4]
V  [jvm.dll+0x103cb4]
V  [jvm.dll+0xc51ae]
V  [jvm.dll+0xc5838]
V  [jvm.dll+0xc596a]
V  [jvm.dll+0xc5b68]
V  [jvm.dll+0x10fb3a]
V  [jvm.dll+0x12d45f]
V  [jvm.dll+0x1bf61f]
V  [jvm.dll+0x24d407]
V  [jvm.dll+0x24c6a6]
V  [jvm.dll+0x24cb41]
V  [jvm.dll+0x24cd5e]
V  [jvm.dll+0x29fb6a]
C  [msvcr100.dll+0x21db7]
C  [msvcr100.dll+0x21e53]
C  [KERNEL32.DLL+0x14034]
C  [ntdll.dll+0x73691]

VM_Operation (0x000000001f6df890): GetOrSetLocal, mode: safepoint, requested by thread 0x000000001ebda000


---------------  P R O C E S S  ---------------

Java Threads: ( => current thread )
  0x000000001ecbd800 JavaThread "Service Thread" daemon [_thread_blocked, id=6892, stack(0x000000001fce0000,0x000000001fde0000)]
  0x000000001ecb5000 JavaThread "C1 CompilerThread3" daemon [_thread_blocked, id=1384, stack(0x000000001fbe0000,0x000000001fce0000)]
  0x000000001ecb2000 JavaThread "C2 CompilerThread2" daemon [_thread_blocked, id=2428, stack(0x000000001fae0000,0x000000001fbe0000)]
  0x000000001ecb1800 JavaThread "C2 CompilerThread1" daemon [_thread_blocked, id=16220, stack(0x000000001f9e0000,0x000000001fae0000)]
  0x000000001ecc2000 JavaThread "C2 CompilerThread0" daemon [_thread_blocked, id=10384, stack(0x000000001f8e0000,0x000000001f9e0000)]
  0x000000001ebe6000 JavaThread "JDWP Command Reader" daemon [_thread_in_native, id=4452, stack(0x000000001f7e0000,0x000000001f8e0000)]
  0x000000001ebe3000 JavaThread "JDWP Event Helper Thread" daemon [_thread_blocked, id=8560, stack(0x000000001f6e0000,0x000000001f7e0000)]
  0x000000001ebda000 JavaThread "JDWP Transport Listener: dt_socket" daemon [_thread_blocked, id=17744, stack(0x000000001f5e0000,0x000000001f6e0000)]
  0x000000001ebcc000 JavaThread "Attach Listener" daemon [_thread_blocked, id=14612, stack(0x000000001f1a0000,0x000000001f2a0000)]
  0x000000001ebcb800 JavaThread "Signal Dispatcher" daemon [_thread_blocked, id=7544, stack(0x000000001f0a0000,0x000000001f1a0000)]
  0x000000001ebc1800 JavaThread "Finalizer" daemon [_thread_blocked, id=1580, stack(0x000000001efa0000,0x000000001f0a0000)]
  0x00000000032d9000 JavaThread "Reference Handler" daemon [_thread_blocked, id=9332, stack(0x000000001eaa0000,0x000000001eba0000)]
  0x00000000031e2800 JavaThread "main" [_thread_blocked, id=16196, stack(0x0000000002ee0000,0x0000000002fe0000)]

Other Threads:
=>0x000000001ccc9800 VMThread [stack: 0x000000001e9a0000,0x000000001eaa0000] [id=5404]
  0x000000001ee54800 WatcherThread [stack: 0x000000001fde0000,0x000000001fee0000] [id=13740]

VM state:at safepoint (normal execution)

VM Mutex/Monitor currently owned by a thread:  ([mutex/lock_event])
[0x0000000002ede490] Threads_lock - owner thread: 0x000000001ccc9800

heap address: 0x00000006c2000000, size: 4064 MB, Compressed Oops mode: Zero based, Oop shift amount: 3
Narrow klass base: 0x0000000000000000, Narrow klass shift: 3
Compressed class space size: 1073741824 Address: 0x00000007c0000000

Heap:
 PSYoungGen      total 75776K, used 7873K [0x000000076b580000, 0x0000000770a00000, 0x00000007c0000000)
  eden space 65024K, 12% used [0x000000076b580000,0x000000076bd30480,0x000000076f500000)
  from space 10752K, 0% used [0x000000076ff80000,0x000000076ff80000,0x0000000770a00000)
  to   space 10752K, 0% used [0x000000076f500000,0x000000076f500000,0x000000076ff80000)
 ParOldGen       total 173568K, used 0K [0x00000006c2000000, 0x00000006cc980000, 0x000000076b580000)
  object space 173568K, 0% used [0x00000006c2000000,0x00000006c2000000,0x00000006cc980000)
 Metaspace       used 5325K, capacity 5458K, committed 5504K, reserved 1056768K
  class space    used 587K, capacity 625K, committed 640K, reserved 1048576K

Card table byte_map: [0x00000000126a0000,0x0000000012ea0000] byte_map_base: 0x000000000f090000

Marking Bits: (ParMarkBitMap*) 0x000000005a8a4ce0
 Begin Bits: [0x0000000013bf0000, 0x0000000017b70000)
 End Bits:   [0x0000000017b70000, 0x000000001baf0000)

Polling page: 0x00000000015e0000

CodeCache: size=245760Kb used=1454Kb max_used=1454Kb free=244306Kb
 bounds [0x00000000032e0000, 0x0000000003550000, 0x00000000122e0000]
 total_blobs=451 nmethods=161 adapters=211
 compilation: enabled

Compilation events (10 events):
Event: 362.403 Thread 0x000000001ecb5000  157       3       org.eclipse.jdt.launching.internal.org.objectweb.asm.ClassReader::createLabel (21 bytes)
Event: 362.404 Thread 0x000000001ecb5000 nmethod 157 0x0000000003448c10 code [0x0000000003448da0, 0x0000000003449250]
Event: 362.404 Thread 0x000000001ecb5000  158       3       org.eclipse.jdt.launching.internal.org.objectweb.asm.MethodWriter::visitInsn (115 bytes)
Event: 362.405 Thread 0x000000001ecb5000 nmethod 158 0x00000000034495d0 code [0x0000000003449780, 0x0000000003449c68]
Event: 362.405 Thread 0x000000001ecb5000  159       3       org.eclipse.jdt.launching.internal.org.objectweb.asm.Label::resolve (219 bytes)
Event: 362.406 Thread 0x000000001ecb5000 nmethod 159 0x0000000003449e50 code [0x000000000344a000, 0x000000000344a590]
Event: 362.406 Thread 0x000000001ecb5000  160       3       org.eclipse.jdt.launching.internal.org.objectweb.asm.MethodWriter::visitMethodInsn (191 bytes)
Event: 362.409 Thread 0x000000001ecb5000 nmethod 160 0x000000000344ab10 code [0x000000000344ad20, 0x000000000344b868]
Event: 362.409 Thread 0x000000001ecb5000  161       3       org.eclipse.jdt.launching.internal.org.objectweb.asm.SymbolTable::addConstantMethodref (24 bytes)
Event: 362.409 Thread 0x000000001ecb5000 nmethod 161 0x000000000344bd90 code [0x000000000344bf00, 0x000000000344c128]

GC Heap History (0 events):
No events

Deoptimization events (0 events):
No events

Classes redefined (5 events):
Event: 262.770 Thread 0x000000001ccc9800 redefined class name=CommaSprinkler, count=1
Event: 340.040 Thread 0x000000001ccc9800 redefined class name=CommaSprinkler, count=2
Event: 342.113 Thread 0x000000001ccc9800 redefined class name=CommaSprinkler, count=3
Event: 351.314 Thread 0x000000001ccc9800 redefined class name=CommaSprinkler, count=4
Event: 362.407 Thread 0x000000001ccc9800 redefined class name=CommaSprinkler, count=5

Internal exceptions (6 events):
Event: 0.078 Thread 0x00000000031e2800 Exception <a 'java/lang/NoSuchMethodError': Method sun.misc.Unsafe.defineClass(Ljava/lang/String;[BII)Ljava/lang/Class; name or signature does not match> (0x000000076b587cb0) thrown at [C:\re\workspace\8-2-build-windows-amd64-cygwin\jdk8u201\12322\hotspot
Event: 0.078 Thread 0x00000000031e2800 Exception <a 'java/lang/NoSuchMethodError': Method sun.misc.Unsafe.prefetchRead(Ljava/lang/Object;J)V name or signature does not match> (0x000000076b587f98) thrown at [C:\re\workspace\8-2-build-windows-amd64-cygwin\jdk8u201\12322\hotspot\src\share\vm\prim
Event: 0.425 Thread 0x00000000031e2800 Exception <a 'java/security/PrivilegedActionException'> (0x000000076bc81a78) thrown at [C:\re\workspace\8-2-build-windows-amd64-cygwin\jdk8u201\12322\hotspot\src\share\vm\prims\jvm.cpp, line 1502]
Event: 0.425 Thread 0x00000000031e2800 Exception <a 'java/security/PrivilegedActionException'> (0x000000076bc81e70) thrown at [C:\re\workspace\8-2-build-windows-amd64-cygwin\jdk8u201\12322\hotspot\src\share\vm\prims\jvm.cpp, line 1502]
Event: 0.426 Thread 0x00000000031e2800 Exception <a 'java/security/PrivilegedActionException'> (0x000000076bc85cc8) thrown at [C:\re\workspace\8-2-build-windows-amd64-cygwin\jdk8u201\12322\hotspot\src\share\vm\prims\jvm.cpp, line 1502]
Event: 0.426 Thread 0x00000000031e2800 Exception <a 'java/security/PrivilegedActionException'> (0x000000076bc860c0) thrown at [C:\re\workspace\8-2-build-windows-amd64-cygwin\jdk8u201\12322\hotspot\src\share\vm\prims\jvm.cpp, line 1502]

Events (10 events):
Event: 362.432 Executing VM operation: ChangeBreakpoints done
Event: 362.438 Executing VM operation: ChangeBreakpoints
Event: 362.438 Executing VM operation: ChangeBreakpoints done
Event: 362.443 Executing VM operation: ChangeBreakpoints
Event: 362.443 Executing VM operation: ChangeBreakpoints done
Event: 362.457 Executing VM operation: GetOwnedMonitorInfo
Event: 362.457 Executing VM operation: GetOwnedMonitorInfo done
Event: 362.458 Executing VM operation: GetCurrentContendedMonitor
Event: 362.458 Executing VM operation: GetCurrentContendedMonitor done
Event: 386.034 Executing VM operation: GetOrSetLocal


Dynamic libraries:
0x00007ff6baa00000 - 0x00007ff6baa37000 	C:\Program Files\Java\jre1.8.0_201\bin\javaw.exe
0x00007ffa02d90000 - 0x00007ffa02f71000 	C:\Windows\SYSTEM32\ntdll.dll
0x00007ffa01790000 - 0x00007ffa01841000 	C:\Windows\System32\KERNEL32.DLL
0x00007ff9fff70000 - 0x00007ffa001e3000 	C:\Windows\System32\KERNELBASE.dll
0x00007ffa00670000 - 0x00007ffa00711000 	C:\Windows\System32\ADVAPI32.dll
0x00007ffa00570000 - 0x00007ffa0060e000 	C:\Windows\System32\msvcrt.dll
0x00007ffa00610000 - 0x00007ffa0066b000 	C:\Windows\System32\sechost.dll
0x00007ffa001f0000 - 0x00007ffa00314000 	C:\Windows\System32\RPCRT4.dll
0x00007ffa011d0000 - 0x00007ffa01360000 	C:\Windows\System32\USER32.dll
0x00007ff9ff250000 - 0x00007ff9ff270000 	C:\Windows\System32\win32u.dll
0x00007ffa00a40000 - 0x00007ffa00a68000 	C:\Windows\System32\GDI32.dll
0x00007ff9ff420000 - 0x00007ff9ff5b2000 	C:\Windows\System32\gdi32full.dll
0x00007ff9ff130000 - 0x00007ff9ff1cf000 	C:\Windows\System32\msvcp_win.dll
0x00007ff9ff270000 - 0x00007ff9ff368000 	C:\Windows\System32\ucrtbase.dll
0x00007ff9ee8a0000 - 0x00007ff9eeb09000 	C:\Windows\WinSxS\amd64_microsoft.windows.common-controls_6595b64144ccf1df_6.0.17134.706_none_fb43a2cb30647007\COMCTL32.dll
0x00007ffa01380000 - 0x00007ffa016a2000 	C:\Windows\System32\combase.dll
0x00007ff9ff1d0000 - 0x00007ff9ff24a000 	C:\Windows\System32\bcryptPrimitives.dll
0x00007ffa018c0000 - 0x00007ffa018ed000 	C:\Windows\System32\IMM32.DLL
0x0000000059ec0000 - 0x0000000059f91000 	C:\Program Files\Java\jre1.8.0_201\bin\msvcr100.dll
0x000000005a080000 - 0x000000005a924000 	C:\Program Files\Java\jre1.8.0_201\bin\server\jvm.dll
0x00007ffa018b0000 - 0x00007ffa018b8000 	C:\Windows\System32\PSAPI.DLL
0x00007ff9e4ba0000 - 0x00007ff9e4ba9000 	C:\Windows\SYSTEM32\WSOCK32.dll
0x00007ff9f94a0000 - 0x00007ff9f94c3000 	C:\Windows\SYSTEM32\WINMM.dll
0x00007ff9f1d00000 - 0x00007ff9f1d0a000 	C:\Windows\SYSTEM32\VERSION.dll
0x00007ffa01160000 - 0x00007ffa011cc000 	C:\Windows\System32\WS2_32.dll
0x00007ff9f9470000 - 0x00007ff9f949a000 	C:\Windows\SYSTEM32\WINMMBASE.dll
0x00007ff9ff620000 - 0x00007ff9ff669000 	C:\Windows\System32\cfgmgr32.dll
0x00007ff9ebe00000 - 0x00007ff9ebe0f000 	C:\Program Files\Java\jre1.8.0_201\bin\verify.dll
0x00007ff9b62e0000 - 0x00007ff9b6309000 	C:\Program Files\Java\jre1.8.0_201\bin\java.dll
0x00007ff9d5610000 - 0x00007ff9d5645000 	C:\Program Files\Java\jre1.8.0_201\bin\jdwp.dll
0x00007ff9f4220000 - 0x00007ff9f4228000 	C:\Program Files\Java\jre1.8.0_201\bin\npt.dll
0x00007ff9d9b00000 - 0x00007ff9d9b23000 	C:\Program Files\Java\jre1.8.0_201\bin\instrument.dll
0x00007ff9ccfa0000 - 0x00007ff9ccfb6000 	C:\Program Files\Java\jre1.8.0_201\bin\zip.dll
0x00007ffa018f0000 - 0x00007ffa02d30000 	C:\Windows\System32\SHELL32.dll
0x00007ffa00ed0000 - 0x00007ffa00f79000 	C:\Windows\System32\shcore.dll
0x00007ff9ff670000 - 0x00007ff9ffd7d000 	C:\Windows\System32\windows.storage.dll
0x00007ffa01850000 - 0x00007ffa018a1000 	C:\Windows\System32\shlwapi.dll
0x00007ff9ff090000 - 0x00007ff9ff0a1000 	C:\Windows\System32\kernel.appcore.dll
0x00007ff9ff070000 - 0x00007ff9ff08f000 	C:\Windows\System32\profapi.dll
0x00007ff9ff0e0000 - 0x00007ff9ff12c000 	C:\Windows\System32\powrprof.dll
0x00007ff9ff0d0000 - 0x00007ff9ff0da000 	C:\Windows\System32\FLTLIB.DLL
0x00007ff9ee660000 - 0x00007ff9ee669000 	C:\Program Files\Java\jre1.8.0_201\bin\dt_socket.dll
0x00007ff9ac0b0000 - 0x00007ff9ac0c6000 	C:\Windows\system32\napinsp.dll
0x00007ff9abc10000 - 0x00007ff9abc2a000 	C:\Windows\system32\pnrpnsp.dll
0x00007ff9f8120000 - 0x00007ff9f8139000 	C:\Windows\system32\NLAapi.dll
0x00007ff9fe8f0000 - 0x00007ff9fe956000 	C:\Windows\System32\mswsock.dll
0x00007ff9fe6b0000 - 0x00007ff9fe76e000 	C:\Windows\SYSTEM32\DNSAPI.dll
0x00007ffa01780000 - 0x00007ffa01788000 	C:\Windows\System32\NSI.dll
0x00007ff9fe670000 - 0x00007ff9fe6a8000 	C:\Windows\SYSTEM32\IPHLPAPI.DLL
0x00007ff9dca10000 - 0x00007ff9dca1e000 	C:\Windows\System32\winrnr.dll
0x00007ff9f3630000 - 0x00007ff9f3645000 	C:\Windows\System32\wshbth.dll
0x00007ff9ebf00000 - 0x00007ff9ebf72000 	C:\Windows\System32\fwpuclnt.dll
0x00007ff9febd0000 - 0x00007ff9febf5000 	C:\Windows\SYSTEM32\bcrypt.dll
0x00007ff9eef90000 - 0x00007ff9eef9a000 	C:\Windows\System32\rasadhlp.dll
0x00007ff9fdac0000 - 0x00007ff9fdc89000 	C:\Windows\SYSTEM32\dbghelp.dll

VM Arguments:
jvm_args: -agentlib:jdwp=transport=dt_socket,suspend=y,address=localhost:52479 -javaagent:C:\Users\DKM\Documents\eclipse\eclipse\configuration\org.eclipse.osgi\221\0\.cp\lib\javaagent-shaded.jar -Dfile.encoding=Cp1252 
java_command: CommaSprinkler
java_class_path (initial): D:\Challenges\Problems\bin;C:\Users\DKM\Documents\eclipse\eclipse\configuration\org.eclipse.osgi\221\0\.cp\lib\javaagent-shaded.jar
Launcher Type: SUN_STANDARD

Environment Variables:
PATH=C:/Program Files/Java/jre1.8.0_201/bin/server;C:/Program Files/Java/jre1.8.0_201/bin;C:/Program Files/Java/jre1.8.0_201/lib/amd64;C:\Program Files (x86)\Intel\iCLS Client\;C:\Program Files (x86)\Common Files\Oracle\Java\javapath;C:\Program Files\Intel\iCLS Client\;C:\Windows\system32;C:\Windows;C:\Windows\System32\Wbem;C:\Windows\System32\WindowsPowerShell\v1.0\;C:\Windows\System32\OpenSSH\;C:\Program Files (x86)\NVIDIA Corporation\PhysX\Common;C:\Program Files\Intel\WiFi\bin\;C:\Program Files\Common Files\Intel\WirelessCommon\;C:\Program Files\Git\cmd;C:\xampp\php;C:\ProgramData\ComposerSetup\bin;C:\Program Files\nodejs\;C:\Program Files (x86)\Intel\Intel(R) Management Engine Components\DAL;C:\Program Files\Intel\Intel(R) Management Engine Components\DAL;C:\Program Files (x86)\Intel\Intel(R) Management Engine Components\IPT;C:\Program Files\Intel\Intel(R) Management Engine Components\IPT;C:\Program Files\dotnet\;C:\Users\DKM\AppData\Local\Programs\Python\Python37-32\Scripts\;C:\Users\DKM\AppData\Local\Programs\Python\Python37-32\;C:\Users\DKM\AppData\Local\Microsoft\WindowsApps;;C:\Program Files\JetBrains\IntelliJ IDEA Community Edition 2018.3.3\bin;;C:\Users\DKM\AppData\Roaming\Composer\vendor\bin;C:\Users\DKM\AppData\Local\Programs\Microsoft VS Code\bin;D:\heroku\bin;C:\Users\DKM\AppData\Roaming\npm;C:\Users\DKM\Documents\eclipse\eclipse;
USERNAME=DKM
OS=Windows_NT
PROCESSOR_IDENTIFIER=Intel64 Family 6 Model 158 Stepping 9, GenuineIntel



---------------  S Y S T E M  ---------------

OS: Windows 10.0 , 64 bit Build 17134 (10.0.17134.706)

CPU:total 8 (initial active 8) (4 cores per cpu, 2 threads per core) family 6 model 158 stepping 9, cmov, cx8, fxsr, mmx, sse, sse2, sse3, ssse3, sse4.1, sse4.2, popcnt, avx, avx2, aes, clmul, erms, 3dnowpref, lzcnt, ht, tsc, tscinvbit, bmi1, bmi2, adx

Memory: 4k page, physical 16640272k(8639172k free), swap 19130640k(6564268k free)

vm_info: Java HotSpot(TM) 64-Bit Server VM (25.201-b09) for windows-amd64 JRE (1.8.0_201-b09), built on Dec 15 2018 18:36:39 by "java_re" with MS VC++ 10.0 (VS2010)

time: Fri May 03 12:56:13 2019
timezone: Eastern Daylight Time
elapsed time: 386 seconds (0d 0h 6m 26s)

